# JRE version: OpenJDK Runtime Environment (17.0.11) (build 17.0.11+0--11852314)
# Java VM: OpenJDK 64-Bit Server VM (17.0.11+0--11852314, mixed mode, tiered, compressed oops, compressed class ptrs, g1 gc, windows-amd64)
GC Precious Log:
 CPUs: 8 total, 8 available
 Memory: 24256M
 Large Page Support: Disabled
 NUMA Support: Disabled
 Compressed Oops: Enabled (Zero based)
 Heap Region Size: 2M
 Heap Min Capacity: 8M
 Heap Initial Capacity: 380M
 Heap Max Capacity: 4G
 Pre-touch: Disabled
 Parallel Workers: 8
 Concurrent Workers: 2
 Concurrent Refinement Workers: 8
 Periodic GC: Disabled
Heap:
 garbage-first heap   total 638976K, used 535422K [0x0000000700000000, 0x0000000800000000)
  region size 2048K, 93 young (190464K), 2 survivors (4096K)
 Metaspace       used 172868K, committed 174592K, reserved 1245184K
  class space    used 22450K, committed 23232K, reserved 1048576K
GC Heap History (20 events):
Event: 219.196 GC heap before
{Heap before GC invocations=92 (full 0):
 garbage-first heap   total 532480K, used 461174K [0x0000000700000000, 0x0000000800000000)
  region size 2048K, 72 young (147456K), 4 survivors (8192K)
 Metaspace       used 166735K, committed 168320K, reserved 1245184K
  class space    used 21834K, committed 22528K, reserved 1048576K
}
Event: 219.203 GC heap after
{Heap after GC invocations=93 (full 0):
 garbage-first heap   total 638976K, used 323705K [0x0000000700000000, 0x0000000800000000)
  region size 2048K, 6 young (12288K), 6 survivors (12288K)
 Metaspace       used 166735K, committed 168320K, reserved 1245184K
  class space    used 21834K, committed 22528K, reserved 1048576K
}
Event: 219.851 GC heap before
{Heap before GC invocations=93 (full 0):
 garbage-first heap   total 638976K, used 540793K [0x0000000700000000, 0x0000000800000000)
  region size 2048K, 112 young (229376K), 6 survivors (12288K)
 Metaspace       used 169430K, committed 171136K, reserved 1245184K
  class space    used 22086K, committed 22848K, reserved 1048576K
}
Event: 219.859 GC heap after
{Heap after GC invocations=94 (full 0):
 garbage-first heap   total 638976K, used 324315K [0x0000000700000000, 0x0000000800000000)
  region size 2048K, 9 young (18432K), 9 survivors (18432K)
 Metaspace       used 169430K, committed 171136K, reserved 1245184K
  class space    used 22086K, committed 22848K, reserved 1048576K
}
Event: 220.163 GC heap before
{Heap before GC invocations=94 (full 0):
 garbage-first heap   total 638976K, used 537307K [0x0000000700000000, 0x0000000800000000)
  region size 2048K, 114 young (233472K), 9 survivors (18432K)
 Metaspace       used 169627K, committed 171328K, reserved 1245184K
  class space    used 22096K, committed 22848K, reserved 1048576K
}
Event: 220.171 GC heap after
{Heap after GC invocations=95 (full 0):
 garbage-first heap   total 638976K, used 332080K [0x0000000700000000, 0x0000000800000000)
  region size 2048K, 12 young (24576K), 12 survivors (24576K)
 Metaspace       used 169627K, committed 171328K, reserved 1245184K
  class space    used 22096K, committed 22848K, reserved 1048576K
}
Event: 221.235 GC heap before
{Heap before GC invocations=95 (full 0):
 garbage-first heap   total 638976K, used 534832K [0x0000000700000000, 0x0000000800000000)
  region size 2048K, 112 young (229376K), 12 survivors (24576K)
 Metaspace       used 170598K, committed 172288K, reserved 1245184K
  class space    used 22219K, committed 22976K, reserved 1048576K
}
Event: 221.243 GC heap after
{Heap after GC invocations=96 (full 0):
 garbage-first heap   total 638976K, used 317342K [0x0000000700000000, 0x0000000800000000)
  region size 2048K, 3 young (6144K), 3 survivors (6144K)
 Metaspace       used 170598K, committed 172288K, reserved 1245184K
  class space    used 22219K, committed 22976K, reserved 1048576K
}
Event: 222.115 GC heap before
{Heap before GC invocations=96 (full 0):
 garbage-first heap   total 638976K, used 540574K [0x0000000700000000, 0x0000000800000000)
  region size 2048K, 113 young (231424K), 3 survivors (6144K)
 Metaspace       used 171118K, committed 172800K, reserved 1245184K
  class space    used 22307K, committed 23040K, reserved 1048576K
}
Event: 222.123 GC heap after
{Heap after GC invocations=97 (full 0):
 garbage-first heap   total 638976K, used 332825K [0x0000000700000000, 0x0000000800000000)
  region size 2048K, 10 young (20480K), 10 survivors (20480K)
 Metaspace       used 171118K, committed 172800K, reserved 1245184K
  class space    used 22307K, committed 23040K, reserved 1048576K
}
Event: 223.446 GC heap before
{Heap before GC invocations=97 (full 0):
 garbage-first heap   total 638976K, used 539673K [0x0000000700000000, 0x0000000800000000)
  region size 2048K, 110 young (225280K), 10 survivors (20480K)
 Metaspace       used 171411K, committed 173120K, reserved 1245184K
  class space    used 22348K, committed 23104K, reserved 1048576K
}
Event: 223.452 GC heap after
{Heap after GC invocations=98 (full 0):
 garbage-first heap   total 638976K, used 325643K [0x0000000700000000, 0x0000000800000000)
  region size 2048K, 5 young (10240K), 5 survivors (10240K)
 Metaspace       used 171411K, committed 173120K, reserved 1245184K
  class space    used 22348K, committed 23104K, reserved 1048576K
}
Event: 223.766 GC heap before
{Heap before GC invocations=98 (full 0):
 garbage-first heap   total 638976K, used 534539K [0x0000000700000000, 0x0000000800000000)
  region size 2048K, 108 young (221184K), 5 survivors (10240K)
 Metaspace       used 171411K, committed 173120K, reserved 1245184K
  class space    used 22348K, committed 23104K, reserved 1048576K
}
Event: 223.769 GC heap after
{Heap after GC invocations=99 (full 0):
 garbage-first heap   total 638976K, used 323685K [0x0000000700000000, 0x0000000800000000)
  region size 2048K, 4 young (8192K), 4 survivors (8192K)
 Metaspace       used 171411K, committed 173120K, reserved 1245184K
  class space    used 22348K, committed 23104K, reserved 1048576K
}
Event: 224.284 GC heap before
{Heap before GC invocations=99 (full 0):
 garbage-first heap   total 638976K, used 544869K [0x0000000700000000, 0x0000000800000000)
  region size 2048K, 113 young (231424K), 4 survivors (8192K)
 Metaspace       used 171470K, committed 173120K, reserved 1245184K
  class space    used 22351K, committed 23104K, reserved 1048576K
}
Event: 224.292 GC heap after
{Heap after GC invocations=100 (full 0):
 garbage-first heap   total 638976K, used 335840K [0x0000000700000000, 0x0000000800000000)
  region size 2048K, 10 young (20480K), 10 survivors (20480K)
 Metaspace       used 171470K, committed 173120K, reserved 1245184K
  class space    used 22351K, committed 23104K, reserved 1048576K
}
Event: 224.953 GC heap before
{Heap before GC invocations=100 (full 0):
 garbage-first heap   total 638976K, used 532448K [0x0000000700000000, 0x0000000800000000)
  region size 2048K, 107 young (219136K), 10 survivors (20480K)
 Metaspace       used 171488K, committed 173184K, reserved 1245184K
  class space    used 22351K, committed 23104K, reserved 1048576K
}
Event: 224.961 GC heap after
{Heap after GC invocations=101 (full 0):
 garbage-first heap   total 638976K, used 340347K [0x0000000700000000, 0x0000000800000000)
  region size 2048K, 5 young (10240K), 5 survivors (10240K)
 Metaspace       used 171488K, committed 173184K, reserved 1245184K
  class space    used 22351K, committed 23104K, reserved 1048576K
}
Event: 226.066 GC heap before
{Heap before GC invocations=101 (full 0):
 garbage-first heap   total 638976K, used 541051K [0x0000000700000000, 0x0000000800000000)
  region size 2048K, 101 young (206848K), 5 survivors (10240K)
 Metaspace       used 171540K, committed 173184K, reserved 1245184K
  class space    used 22356K, committed 23104K, reserved 1048576K
}
Event: 226.070 GC heap after
{Heap after GC invocations=102 (full 0):
 garbage-first heap   total 638976K, used 336766K [0x0000000700000000, 0x0000000800000000)
  region size 2048K, 2 young (4096K), 2 survivors (4096K)
 Metaspace       used 171540K, committed 173184K, reserved 1245184K
  class space    used 22356K, committed 23104K, reserved 1048576K
}

